[2025-05-04T16:30:05.661+0000] {taskinstance.py:1956} INFO - Dependencies all met for dep_context=non-requeueable deps ti=<TaskInstance: velib_fetch_data.fetch_velib_data scheduled__2025-05-04T16:15:00+00:00 [queued]>
[2025-05-04T16:30:05.686+0000] {taskinstance.py:1956} INFO - Dependencies all met for dep_context=requeueable deps ti=<TaskInstance: velib_fetch_data.fetch_velib_data scheduled__2025-05-04T16:15:00+00:00 [queued]>
[2025-05-04T16:30:05.687+0000] {taskinstance.py:2170} INFO - Starting attempt 1 of 2
[2025-05-04T16:30:05.717+0000] {taskinstance.py:2191} INFO - Executing <Task(BashOperator): fetch_velib_data> on 2025-05-04 16:15:00+00:00
[2025-05-04T16:30:05.725+0000] {standard_task_runner.py:60} INFO - Started process 1040 to run task
[2025-05-04T16:30:05.732+0000] {standard_task_runner.py:87} INFO - Running: ['***', 'tasks', 'run', 'velib_fetch_data', 'fetch_velib_data', 'scheduled__2025-05-04T16:15:00+00:00', '--job-id', '32', '--raw', '--subdir', 'DAGS_FOLDER/velib_fetch_dag.py', '--cfg-path', '/tmp/tmpoo8gc12a']
[2025-05-04T16:30:05.739+0000] {standard_task_runner.py:88} INFO - Job 32: Subtask fetch_velib_data
[2025-05-04T16:30:07.229+0000] {task_command.py:423} INFO - Running <TaskInstance: velib_fetch_data.fetch_velib_data scheduled__2025-05-04T16:15:00+00:00 [running]> on host ebcb33ff74c6
[2025-05-04T16:30:08.782+0000] {taskinstance.py:2480} INFO - Exporting env vars: AIRFLOW_CTX_DAG_OWNER='***' AIRFLOW_CTX_DAG_ID='velib_fetch_data' AIRFLOW_CTX_TASK_ID='fetch_velib_data' AIRFLOW_CTX_EXECUTION_DATE='2025-05-04T16:15:00+00:00' AIRFLOW_CTX_TRY_NUMBER='1' AIRFLOW_CTX_DAG_RUN_ID='scheduled__2025-05-04T16:15:00+00:00'
[2025-05-04T16:30:08.784+0000] {subprocess.py:63} INFO - Tmp dir root location: /tmp
[2025-05-04T16:30:08.788+0000] {subprocess.py:75} INFO - Running command: ['/usr/bin/bash', '-c', 'python /opt/***/dags/scripts/fetch_data.py']
[2025-05-04T16:30:08.798+0000] {subprocess.py:86} INFO - Output:
[2025-05-04T16:30:08.891+0000] {subprocess.py:93} INFO - Traceback (most recent call last):
[2025-05-04T16:30:08.892+0000] {subprocess.py:93} INFO -   File "/opt/***/dags/scripts/fetch_data.py", line 3, in <module>
[2025-05-04T16:30:08.901+0000] {subprocess.py:93} INFO -     from matplotlib.pylab import f
[2025-05-04T16:30:08.902+0000] {subprocess.py:93} INFO - ModuleNotFoundError: No module named 'matplotlib'
[2025-05-04T16:30:08.905+0000] {subprocess.py:97} INFO - Command exited with return code 1
[2025-05-04T16:30:09.372+0000] {taskinstance.py:2698} ERROR - Task failed with exception
Traceback (most recent call last):
  File "/home/airflow/.local/lib/python3.10/site-packages/airflow/models/taskinstance.py", line 433, in _execute_task
    result = execute_callable(context=context, **execute_callable_kwargs)
  File "/home/airflow/.local/lib/python3.10/site-packages/airflow/operators/bash.py", line 212, in execute
    raise AirflowException(
airflow.exceptions.AirflowException: Bash command failed. The command returned a non-zero exit code 1.
[2025-05-04T16:30:09.378+0000] {taskinstance.py:1138} INFO - Marking task as UP_FOR_RETRY. dag_id=velib_fetch_data, task_id=fetch_velib_data, execution_date=20250504T161500, start_date=20250504T163005, end_date=20250504T163009
[2025-05-04T16:30:09.426+0000] {standard_task_runner.py:107} ERROR - Failed to execute job 32 for task fetch_velib_data (Bash command failed. The command returned a non-zero exit code 1.; 1040)
[2025-05-04T16:30:09.455+0000] {local_task_job_runner.py:234} INFO - Task exited with return code 1
[2025-05-04T16:30:09.826+0000] {taskinstance.py:3280} INFO - 0 downstream tasks scheduled from follow-on schedule check
